<?xml version="1.0" encoding="UTF-8"?>
<!-- Generated by org.testng.reporters.JUnitReportReporter -->
<testsuite hostname="LAPTOP-G9FP0V0F" failures="0" tests="1" name="by.epam.finalproject.util.PasswordEncryptionTest" time="0.012" errors="0" timestamp="2021-12-13T22:19:41 MSK" skipped="0">
  <testcase classname="by.epam.finalproject.util.PasswordEncryptionTest" name="md5ApacheTest" time="0.012"/>
  <system-out/>
</testsuite> <!-- by.epam.finalproject.util.PasswordEncryptionTest -->
